2026-04-01T00:37:33: 
2026-04-01T00:37:33: > airbnb-notification-service@1.0.0 dev /Users/pratulmakar/Developer/hotel-new/services/notification
2026-04-01T00:37:33: > tsx watch src/index.ts
2026-04-01T00:37:33: 
2026-04-01T00:37:35: /Users/pratulmakar/Developer/hotel-new/services/notification/node_modules/.pnpm/@prisma+client@7.4.2_prisma@7.4.2_@types+react@19.2.14_react-dom@19.2.4_react@19.2.4__r_49b4b128965f74ea9bbd7586bc0c7d7a/node_modules/@prisma/client/src/runtime/utils/validatePrismaClientOptions.ts:229
2026-04-01T00:37:35:     throw new PrismaClientConstructorValidationError(
2026-04-01T00:37:35:           ^
2026-04-01T00:37:35: 
2026-04-01T00:37:35: PrismaClientConstructorValidationError: Using engine type "client" requires either "adapter" or "accelerateUrl" to be provided to PrismaClient constructor.
2026-04-01T00:37:35: Read more at https://pris.ly/d/client-constructor
2026-04-01T00:37:35:     at validateDependentOptions (/Users/pratulmakar/Developer/hotel-new/services/notification/node_modules/.pnpm/@prisma+client@7.4.2_prisma@7.4.2_@types+react@19.2.14_react-dom@19.2.4_react@19.2.4__r_49b4b128965f74ea9bbd7586bc0c7d7a/node_modules/@prisma/client/src/runtime/utils/validatePrismaClientOptions.ts:229:11)
2026-04-01T00:37:35:     at validatePrismaClientOptions (/Users/pratulmakar/Developer/hotel-new/services/notification/node_modules/.pnpm/@prisma+client@7.4.2_prisma@7.4.2_@types+react@19.2.14_react-dom@19.2.4_react@19.2.4__r_49b4b128965f74ea9bbd7586bc0c7d7a/node_modules/@prisma/client/src/runtime/utils/validatePrismaClientOptions.ts:246:3)
2026-04-01T00:37:35:     at new t (/Users/pratulmakar/Developer/hotel-new/services/notification/node_modules/.pnpm/@prisma+client@7.4.2_prisma@7.4.2_@types+react@19.2.14_react-dom@19.2.4_react@19.2.4__r_49b4b128965f74ea9bbd7586bc0c7d7a/node_modules/@prisma/client/src/runtime/getPrismaClient.ts:282:7)
2026-04-01T00:37:35:     at <anonymous> (/Users/pratulmakar/Developer/hotel-new/services/notification/src/config/database.ts:9:3)
2026-04-01T00:37:35:     at Object.<anonymous> (/Users/pratulmakar/Developer/hotel-new/services/notification/src/config/database.ts:17:16)
2026-04-01T00:37:35:     at Module._compile (node:internal/modules/cjs/loader:1829:14)
2026-04-01T00:37:35:     at Object.transformer (/Users/pratulmakar/Developer/hotel-new/services/notification/node_modules/.pnpm/tsx@4.21.0/node_modules/tsx/dist/register-D46fvsV_.cjs:3:1104)
2026-04-01T00:37:35:     at Module.load (node:internal/modules/cjs/loader:1552:32)
2026-04-01T00:37:35:     at Module._load (node:internal/modules/cjs/loader:1354:12)
2026-04-01T00:37:35:     at wrapModuleLoad (node:internal/modules/cjs/loader:255:19)
2026-04-01T00:37:35: 
2026-04-01T00:37:35: Node.js v25.8.1
2026-04-01T00:39:31:  ELIFECYCLE  Command failed with exit code 2.
2026-04-01T00:39:32: 
2026-04-01T00:39:32: > airbnb-notification-service@1.0.0 dev /Users/pratulmakar/Developer/hotel-new/services/notification
2026-04-01T00:39:32: > tsx watch src/index.ts
2026-04-01T00:39:32: 
2026-04-01T00:39:32: /Users/pratulmakar/Developer/hotel-new/services/notification/node_modules/.pnpm/@prisma+client@7.4.2_prisma@7.4.2_@types+react@19.2.14_react-dom@19.2.4_react@19.2.4__r_49b4b128965f74ea9bbd7586bc0c7d7a/node_modules/@prisma/client/src/runtime/utils/validatePrismaClientOptions.ts:229
2026-04-01T00:39:32:     throw new PrismaClientConstructorValidationError(
2026-04-01T00:39:32:           ^
2026-04-01T00:39:32: 
2026-04-01T00:39:32: PrismaClientConstructorValidationError: Using engine type "client" requires either "adapter" or "accelerateUrl" to be provided to PrismaClient constructor.
2026-04-01T00:39:32: Read more at https://pris.ly/d/client-constructor
2026-04-01T00:39:32:     at validateDependentOptions (/Users/pratulmakar/Developer/hotel-new/services/notification/node_modules/.pnpm/@prisma+client@7.4.2_prisma@7.4.2_@types+react@19.2.14_react-dom@19.2.4_react@19.2.4__r_49b4b128965f74ea9bbd7586bc0c7d7a/node_modules/@prisma/client/src/runtime/utils/validatePrismaClientOptions.ts:229:11)
2026-04-01T00:39:32:     at validatePrismaClientOptions (/Users/pratulmakar/Developer/hotel-new/services/notification/node_modules/.pnpm/@prisma+client@7.4.2_prisma@7.4.2_@types+react@19.2.14_react-dom@19.2.4_react@19.2.4__r_49b4b128965f74ea9bbd7586bc0c7d7a/node_modules/@prisma/client/src/runtime/utils/validatePrismaClientOptions.ts:246:3)
2026-04-01T00:39:32:     at new t (/Users/pratulmakar/Developer/hotel-new/services/notification/node_modules/.pnpm/@prisma+client@7.4.2_prisma@7.4.2_@types+react@19.2.14_react-dom@19.2.4_react@19.2.4__r_49b4b128965f74ea9bbd7586bc0c7d7a/node_modules/@prisma/client/src/runtime/getPrismaClient.ts:282:7)
2026-04-01T00:39:32:     at <anonymous> (/Users/pratulmakar/Developer/hotel-new/services/notification/src/config/database.ts:9:3)
2026-04-01T00:39:32:     at Object.<anonymous> (/Users/pratulmakar/Developer/hotel-new/services/notification/src/config/database.ts:17:16)
2026-04-01T00:39:32:     at Module._compile (node:internal/modules/cjs/loader:1829:14)
2026-04-01T00:39:32:     at Object.transformer (/Users/pratulmakar/Developer/hotel-new/services/notification/node_modules/.pnpm/tsx@4.21.0/node_modules/tsx/dist/register-D46fvsV_.cjs:3:1104)
2026-04-01T00:39:32:     at Module.load (node:internal/modules/cjs/loader:1552:32)
2026-04-01T00:39:32:     at Module._load (node:internal/modules/cjs/loader:1354:12)
2026-04-01T00:39:32:     at wrapModuleLoad (node:internal/modules/cjs/loader:255:19)
2026-04-01T00:39:32: 
2026-04-01T00:39:32: Node.js v25.8.1
2026-04-01T00:40:40:  ELIFECYCLE  Command failed with exit code 2.
2026-04-01T20:12:56: 
2026-04-01T20:12:56: > airbnb-notification-service@1.0.0 dev /Users/pratulmakar/Developer/hotel-new/services/notification
2026-04-01T20:12:56: > tsx watch src/index.ts
2026-04-01T20:12:56: 
2026-04-01T20:12:56: /Users/pratulmakar/Developer/hotel-new/services/notification/node_modules/.pnpm/@prisma+client@7.4.2_prisma@7.4.2_@types+react@19.2.14_react-dom@19.2.4_react@19.2.4__r_49b4b128965f74ea9bbd7586bc0c7d7a/node_modules/@prisma/client/src/runtime/utils/validatePrismaClientOptions.ts:229
2026-04-01T20:12:56:     throw new PrismaClientConstructorValidationError(
2026-04-01T20:12:56:           ^
2026-04-01T20:12:56: 
2026-04-01T20:12:56: PrismaClientConstructorValidationError: Using engine type "client" requires either "adapter" or "accelerateUrl" to be provided to PrismaClient constructor.
2026-04-01T20:12:56: Read more at https://pris.ly/d/client-constructor
2026-04-01T20:12:56:     at validateDependentOptions (/Users/pratulmakar/Developer/hotel-new/services/notification/node_modules/.pnpm/@prisma+client@7.4.2_prisma@7.4.2_@types+react@19.2.14_react-dom@19.2.4_react@19.2.4__r_49b4b128965f74ea9bbd7586bc0c7d7a/node_modules/@prisma/client/src/runtime/utils/validatePrismaClientOptions.ts:229:11)
2026-04-01T20:12:56:     at validatePrismaClientOptions (/Users/pratulmakar/Developer/hotel-new/services/notification/node_modules/.pnpm/@prisma+client@7.4.2_prisma@7.4.2_@types+react@19.2.14_react-dom@19.2.4_react@19.2.4__r_49b4b128965f74ea9bbd7586bc0c7d7a/node_modules/@prisma/client/src/runtime/utils/validatePrismaClientOptions.ts:246:3)
2026-04-01T20:12:56:     at new t (/Users/pratulmakar/Developer/hotel-new/services/notification/node_modules/.pnpm/@prisma+client@7.4.2_prisma@7.4.2_@types+react@19.2.14_react-dom@19.2.4_react@19.2.4__r_49b4b128965f74ea9bbd7586bc0c7d7a/node_modules/@prisma/client/src/runtime/getPrismaClient.ts:282:7)
2026-04-01T20:12:56:     at <anonymous> (/Users/pratulmakar/Developer/hotel-new/services/notification/src/config/database.ts:9:3)
2026-04-01T20:12:56:     at Object.<anonymous> (/Users/pratulmakar/Developer/hotel-new/services/notification/src/config/database.ts:17:16)
2026-04-01T20:12:56:     at Module._compile (node:internal/modules/cjs/loader:1829:14)
2026-04-01T20:12:56:     at Object.transformer (/Users/pratulmakar/Developer/hotel-new/services/notification/node_modules/.pnpm/tsx@4.21.0/node_modules/tsx/dist/register-D46fvsV_.cjs:3:1104)
2026-04-01T20:12:56:     at Module.load (node:internal/modules/cjs/loader:1552:32)
2026-04-01T20:12:56:     at Module._load (node:internal/modules/cjs/loader:1354:12)
2026-04-01T20:12:56:     at wrapModuleLoad (node:internal/modules/cjs/loader:255:19)
2026-04-01T20:12:56: 
2026-04-01T20:12:56: Node.js v25.8.1
2026-04-01T20:28:18:  ELIFECYCLE  Command failed with exit code 2.
2026-04-01T20:46:17: 
2026-04-01T20:46:17: > airbnb-notification-service@1.0.0 dev /Users/pratulmakar/Developer/hotel-new/services/notification
2026-04-01T20:46:17: > tsx watch src/index.ts
2026-04-01T20:46:17: 
2026-04-01T20:46:17: /Users/pratulmakar/Developer/hotel-new/services/notification/node_modules/.pnpm/@prisma+client@7.4.2_prisma@7.4.2_@types+react@19.2.14_react-dom@19.2.4_react@19.2.4__r_49b4b128965f74ea9bbd7586bc0c7d7a/node_modules/@prisma/client/src/runtime/utils/validatePrismaClientOptions.ts:229
2026-04-01T20:46:17:     throw new PrismaClientConstructorValidationError(
2026-04-01T20:46:17:           ^
2026-04-01T20:46:17: 
2026-04-01T20:46:17: PrismaClientConstructorValidationError: Using engine type "client" requires either "adapter" or "accelerateUrl" to be provided to PrismaClient constructor.
2026-04-01T20:46:17: Read more at https://pris.ly/d/client-constructor
2026-04-01T20:46:17:     at validateDependentOptions (/Users/pratulmakar/Developer/hotel-new/services/notification/node_modules/.pnpm/@prisma+client@7.4.2_prisma@7.4.2_@types+react@19.2.14_react-dom@19.2.4_react@19.2.4__r_49b4b128965f74ea9bbd7586bc0c7d7a/node_modules/@prisma/client/src/runtime/utils/validatePrismaClientOptions.ts:229:11)
2026-04-01T20:46:17:     at validatePrismaClientOptions (/Users/pratulmakar/Developer/hotel-new/services/notification/node_modules/.pnpm/@prisma+client@7.4.2_prisma@7.4.2_@types+react@19.2.14_react-dom@19.2.4_react@19.2.4__r_49b4b128965f74ea9bbd7586bc0c7d7a/node_modules/@prisma/client/src/runtime/utils/validatePrismaClientOptions.ts:246:3)
2026-04-01T20:46:17:     at new t (/Users/pratulmakar/Developer/hotel-new/services/notification/node_modules/.pnpm/@prisma+client@7.4.2_prisma@7.4.2_@types+react@19.2.14_react-dom@19.2.4_react@19.2.4__r_49b4b128965f74ea9bbd7586bc0c7d7a/node_modules/@prisma/client/src/runtime/getPrismaClient.ts:282:7)
2026-04-01T20:46:17:     at <anonymous> (/Users/pratulmakar/Developer/hotel-new/services/notification/src/config/database.ts:9:3)
2026-04-01T20:46:17:     at Object.<anonymous> (/Users/pratulmakar/Developer/hotel-new/services/notification/src/config/database.ts:17:16)
2026-04-01T20:46:17:     at Module._compile (node:internal/modules/cjs/loader:1829:14)
2026-04-01T20:46:17:     at Object.transformer (/Users/pratulmakar/Developer/hotel-new/services/notification/node_modules/.pnpm/tsx@4.21.0/node_modules/tsx/dist/register-D46fvsV_.cjs:3:1104)
2026-04-01T20:46:17:     at Module.load (node:internal/modules/cjs/loader:1552:32)
2026-04-01T20:46:17:     at Module._load (node:internal/modules/cjs/loader:1354:12)
2026-04-01T20:46:17:     at wrapModuleLoad (node:internal/modules/cjs/loader:255:19)
2026-04-01T20:46:17: 
2026-04-01T20:46:17: Node.js v25.8.1
2026-04-01T20:49:41:  ELIFECYCLE  Command failed with exit code 2.
2026-04-01T20:57:22: 
2026-04-01T20:57:22: > airbnb-notification-service@1.0.0 dev /Users/pratulmakar/Developer/hotel-new/services/notification
2026-04-01T20:57:22: > tsx watch src/index.ts
2026-04-01T20:57:22: 
2026-04-01T20:57:22: /Users/pratulmakar/Developer/hotel-new/services/notification/node_modules/.pnpm/@prisma+client@7.4.2_prisma@7.4.2_@types+react@19.2.14_react-dom@19.2.4_react@19.2.4__r_49b4b128965f74ea9bbd7586bc0c7d7a/node_modules/@prisma/client/src/runtime/utils/validatePrismaClientOptions.ts:229
2026-04-01T20:57:22:     throw new PrismaClientConstructorValidationError(
2026-04-01T20:57:22:           ^
2026-04-01T20:57:22: 
2026-04-01T20:57:22: PrismaClientConstructorValidationError: Using engine type "client" requires either "adapter" or "accelerateUrl" to be provided to PrismaClient constructor.
2026-04-01T20:57:22: Read more at https://pris.ly/d/client-constructor
2026-04-01T20:57:22:     at validateDependentOptions (/Users/pratulmakar/Developer/hotel-new/services/notification/node_modules/.pnpm/@prisma+client@7.4.2_prisma@7.4.2_@types+react@19.2.14_react-dom@19.2.4_react@19.2.4__r_49b4b128965f74ea9bbd7586bc0c7d7a/node_modules/@prisma/client/src/runtime/utils/validatePrismaClientOptions.ts:229:11)
2026-04-01T20:57:22:     at validatePrismaClientOptions (/Users/pratulmakar/Developer/hotel-new/services/notification/node_modules/.pnpm/@prisma+client@7.4.2_prisma@7.4.2_@types+react@19.2.14_react-dom@19.2.4_react@19.2.4__r_49b4b128965f74ea9bbd7586bc0c7d7a/node_modules/@prisma/client/src/runtime/utils/validatePrismaClientOptions.ts:246:3)
2026-04-01T20:57:22:     at new t (/Users/pratulmakar/Developer/hotel-new/services/notification/node_modules/.pnpm/@prisma+client@7.4.2_prisma@7.4.2_@types+react@19.2.14_react-dom@19.2.4_react@19.2.4__r_49b4b128965f74ea9bbd7586bc0c7d7a/node_modules/@prisma/client/src/runtime/getPrismaClient.ts:282:7)
2026-04-01T20:57:22:     at <anonymous> (/Users/pratulmakar/Developer/hotel-new/services/notification/src/config/database.ts:9:3)
2026-04-01T20:57:22:     at Object.<anonymous> (/Users/pratulmakar/Developer/hotel-new/services/notification/src/config/database.ts:17:16)
2026-04-01T20:57:22:     at Module._compile (node:internal/modules/cjs/loader:1829:14)
2026-04-01T20:57:22:     at Object.transformer (/Users/pratulmakar/Developer/hotel-new/services/notification/node_modules/.pnpm/tsx@4.21.0/node_modules/tsx/dist/register-D46fvsV_.cjs:3:1104)
2026-04-01T20:57:22:     at Module.load (node:internal/modules/cjs/loader:1552:32)
2026-04-01T20:57:22:     at Module._load (node:internal/modules/cjs/loader:1354:12)
2026-04-01T20:57:22:     at wrapModuleLoad (node:internal/modules/cjs/loader:255:19)
2026-04-01T20:57:22: 
2026-04-01T20:57:22: Node.js v25.8.1
2026-04-01T21:01:20:  ELIFECYCLE  Command failed with exit code 2.
2026-04-01T21:01:22: 
2026-04-01T21:01:22: > airbnb-notification-service@1.0.0 dev /Users/pratulmakar/Developer/hotel-new/services/notification
2026-04-01T21:01:22: > tsx watch src/index.ts
2026-04-01T21:01:22: 
2026-04-01T21:01:22: /Users/pratulmakar/Developer/hotel-new/services/notification/node_modules/.pnpm/@prisma+client@7.4.2_prisma@7.4.2_@types+react@19.2.14_react-dom@19.2.4_react@19.2.4__r_49b4b128965f74ea9bbd7586bc0c7d7a/node_modules/@prisma/client/src/runtime/utils/validatePrismaClientOptions.ts:229
2026-04-01T21:01:22:     throw new PrismaClientConstructorValidationError(
2026-04-01T21:01:22:           ^
2026-04-01T21:01:22: 
2026-04-01T21:01:22: PrismaClientConstructorValidationError: Using engine type "client" requires either "adapter" or "accelerateUrl" to be provided to PrismaClient constructor.
2026-04-01T21:01:22: Read more at https://pris.ly/d/client-constructor
2026-04-01T21:01:22:     at validateDependentOptions (/Users/pratulmakar/Developer/hotel-new/services/notification/node_modules/.pnpm/@prisma+client@7.4.2_prisma@7.4.2_@types+react@19.2.14_react-dom@19.2.4_react@19.2.4__r_49b4b128965f74ea9bbd7586bc0c7d7a/node_modules/@prisma/client/src/runtime/utils/validatePrismaClientOptions.ts:229:11)
2026-04-01T21:01:22:     at validatePrismaClientOptions (/Users/pratulmakar/Developer/hotel-new/services/notification/node_modules/.pnpm/@prisma+client@7.4.2_prisma@7.4.2_@types+react@19.2.14_react-dom@19.2.4_react@19.2.4__r_49b4b128965f74ea9bbd7586bc0c7d7a/node_modules/@prisma/client/src/runtime/utils/validatePrismaClientOptions.ts:246:3)
2026-04-01T21:01:22:     at new t (/Users/pratulmakar/Developer/hotel-new/services/notification/node_modules/.pnpm/@prisma+client@7.4.2_prisma@7.4.2_@types+react@19.2.14_react-dom@19.2.4_react@19.2.4__r_49b4b128965f74ea9bbd7586bc0c7d7a/node_modules/@prisma/client/src/runtime/getPrismaClient.ts:282:7)
2026-04-01T21:01:22:     at <anonymous> (/Users/pratulmakar/Developer/hotel-new/services/notification/src/config/database.ts:9:3)
2026-04-01T21:01:22:     at Object.<anonymous> (/Users/pratulmakar/Developer/hotel-new/services/notification/src/config/database.ts:17:16)
2026-04-01T21:01:22:     at Module._compile (node:internal/modules/cjs/loader:1829:14)
2026-04-01T21:01:22:     at Object.transformer (/Users/pratulmakar/Developer/hotel-new/services/notification/node_modules/.pnpm/tsx@4.21.0/node_modules/tsx/dist/register-D46fvsV_.cjs:3:1104)
2026-04-01T21:01:22:     at Module.load (node:internal/modules/cjs/loader:1552:32)
2026-04-01T21:01:22:     at Module._load (node:internal/modules/cjs/loader:1354:12)
2026-04-01T21:01:22:     at wrapModuleLoad (node:internal/modules/cjs/loader:255:19)
2026-04-01T21:01:22: 
2026-04-01T21:01:22: Node.js v25.8.1
2026-04-02T01:13:20:  ELIFECYCLE  Command failed with exit code 2.
2026-04-05T16:10:11: 
2026-04-05T16:10:11: > airbnb-notification-service@1.0.0 dev /Users/pratulmakar/Developer/hotel-new/services/notification
2026-04-05T16:10:11: > tsx watch src/index.ts
2026-04-05T16:10:11: 
2026-04-05T16:10:12: /Users/pratulmakar/Developer/hotel-new/services/notification/node_modules/.pnpm/@prisma+client@7.4.2_prisma@7.4.2_@types+react@19.2.14_react-dom@19.2.4_react@19.2.4__r_49b4b128965f74ea9bbd7586bc0c7d7a/node_modules/@prisma/client/src/runtime/utils/validatePrismaClientOptions.ts:229
2026-04-05T16:10:12:     throw new PrismaClientConstructorValidationError(
2026-04-05T16:10:12:           ^
2026-04-05T16:10:12: 
2026-04-05T16:10:12: PrismaClientConstructorValidationError: Using engine type "client" requires either "adapter" or "accelerateUrl" to be provided to PrismaClient constructor.
2026-04-05T16:10:12: Read more at https://pris.ly/d/client-constructor
2026-04-05T16:10:12:     at validateDependentOptions (/Users/pratulmakar/Developer/hotel-new/services/notification/node_modules/.pnpm/@prisma+client@7.4.2_prisma@7.4.2_@types+react@19.2.14_react-dom@19.2.4_react@19.2.4__r_49b4b128965f74ea9bbd7586bc0c7d7a/node_modules/@prisma/client/src/runtime/utils/validatePrismaClientOptions.ts:229:11)
2026-04-05T16:10:12:     at validatePrismaClientOptions (/Users/pratulmakar/Developer/hotel-new/services/notification/node_modules/.pnpm/@prisma+client@7.4.2_prisma@7.4.2_@types+react@19.2.14_react-dom@19.2.4_react@19.2.4__r_49b4b128965f74ea9bbd7586bc0c7d7a/node_modules/@prisma/client/src/runtime/utils/validatePrismaClientOptions.ts:246:3)
2026-04-05T16:10:12:     at new t (/Users/pratulmakar/Developer/hotel-new/services/notification/node_modules/.pnpm/@prisma+client@7.4.2_prisma@7.4.2_@types+react@19.2.14_react-dom@19.2.4_react@19.2.4__r_49b4b128965f74ea9bbd7586bc0c7d7a/node_modules/@prisma/client/src/runtime/getPrismaClient.ts:282:7)
2026-04-05T16:10:12:     at <anonymous> (/Users/pratulmakar/Developer/hotel-new/services/notification/src/config/database.ts:9:3)
2026-04-05T16:10:12:     at Object.<anonymous> (/Users/pratulmakar/Developer/hotel-new/services/notification/src/config/database.ts:17:16)
2026-04-05T16:10:12:     at Module._compile (node:internal/modules/cjs/loader:1829:14)
2026-04-05T16:10:12:     at Object.transformer (/Users/pratulmakar/Developer/hotel-new/services/notification/node_modules/.pnpm/tsx@4.21.0/node_modules/tsx/dist/register-D46fvsV_.cjs:3:1104)
2026-04-05T16:10:12:     at Module.load (node:internal/modules/cjs/loader:1552:32)
2026-04-05T16:10:12:     at Module._load (node:internal/modules/cjs/loader:1354:12)
2026-04-05T16:10:12:     at wrapModuleLoad (node:internal/modules/cjs/loader:255:19)
2026-04-05T16:10:12: 
2026-04-05T16:10:12: Node.js v25.8.1
2026-04-05T16:18:43:  ELIFECYCLE  Command failed with exit code 2.
2026-04-05T16:23:19: 
2026-04-05T16:23:19: > airbnb-notification-service@1.0.0 dev /Users/pratulmakar/Developer/hotel-new/services/notification
2026-04-05T16:23:19: > tsx watch src/index.ts
2026-04-05T16:23:19: 
2026-04-05T16:23:19: /Users/pratulmakar/Developer/hotel-new/services/notification/node_modules/.pnpm/@prisma+client@7.4.2_prisma@7.4.2_@types+react@19.2.14_react-dom@19.2.4_react@19.2.4__r_49b4b128965f74ea9bbd7586bc0c7d7a/node_modules/@prisma/client/src/runtime/utils/validatePrismaClientOptions.ts:229
2026-04-05T16:23:19:     throw new PrismaClientConstructorValidationError(
2026-04-05T16:23:19:           ^
2026-04-05T16:23:19: 
2026-04-05T16:23:19: PrismaClientConstructorValidationError: Using engine type "client" requires either "adapter" or "accelerateUrl" to be provided to PrismaClient constructor.
2026-04-05T16:23:19: Read more at https://pris.ly/d/client-constructor
2026-04-05T16:23:19:     at validateDependentOptions (/Users/pratulmakar/Developer/hotel-new/services/notification/node_modules/.pnpm/@prisma+client@7.4.2_prisma@7.4.2_@types+react@19.2.14_react-dom@19.2.4_react@19.2.4__r_49b4b128965f74ea9bbd7586bc0c7d7a/node_modules/@prisma/client/src/runtime/utils/validatePrismaClientOptions.ts:229:11)
2026-04-05T16:23:19:     at validatePrismaClientOptions (/Users/pratulmakar/Developer/hotel-new/services/notification/node_modules/.pnpm/@prisma+client@7.4.2_prisma@7.4.2_@types+react@19.2.14_react-dom@19.2.4_react@19.2.4__r_49b4b128965f74ea9bbd7586bc0c7d7a/node_modules/@prisma/client/src/runtime/utils/validatePrismaClientOptions.ts:246:3)
2026-04-05T16:23:19:     at new t (/Users/pratulmakar/Developer/hotel-new/services/notification/node_modules/.pnpm/@prisma+client@7.4.2_prisma@7.4.2_@types+react@19.2.14_react-dom@19.2.4_react@19.2.4__r_49b4b128965f74ea9bbd7586bc0c7d7a/node_modules/@prisma/client/src/runtime/getPrismaClient.ts:282:7)
2026-04-05T16:23:19:     at <anonymous> (/Users/pratulmakar/Developer/hotel-new/services/notification/src/config/database.ts:9:3)
2026-04-05T16:23:19:     at Object.<anonymous> (/Users/pratulmakar/Developer/hotel-new/services/notification/src/config/database.ts:17:16)
2026-04-05T16:23:19:     at Module._compile (node:internal/modules/cjs/loader:1829:14)
2026-04-05T16:23:19:     at Object.transformer (/Users/pratulmakar/Developer/hotel-new/services/notification/node_modules/.pnpm/tsx@4.21.0/node_modules/tsx/dist/register-D46fvsV_.cjs:3:1104)
2026-04-05T16:23:19:     at Module.load (node:internal/modules/cjs/loader:1552:32)
2026-04-05T16:23:19:     at Module._load (node:internal/modules/cjs/loader:1354:12)
2026-04-05T16:23:19:     at wrapModuleLoad (node:internal/modules/cjs/loader:255:19)
2026-04-05T16:23:19: 
2026-04-05T16:23:19: Node.js v25.8.1
2026-04-05T16:24:57:  ELIFECYCLE  Command failed with exit code 2.
2026-04-05T16:30:07: 
2026-04-05T16:30:07: > airbnb-notification-service@1.0.0 dev /Users/pratulmakar/Developer/hotel-new/services/notification
2026-04-05T16:30:07: > tsx watch src/index.ts
2026-04-05T16:30:07: 
2026-04-05T16:30:07: /Users/pratulmakar/Developer/hotel-new/services/notification/node_modules/.pnpm/@prisma+client@7.4.2_prisma@7.4.2_@types+react@19.2.14_react-dom@19.2.4_react@19.2.4__r_49b4b128965f74ea9bbd7586bc0c7d7a/node_modules/@prisma/client/src/runtime/utils/validatePrismaClientOptions.ts:229
2026-04-05T16:30:07:     throw new PrismaClientConstructorValidationError(
2026-04-05T16:30:07:           ^
2026-04-05T16:30:07: 
2026-04-05T16:30:07: PrismaClientConstructorValidationError: Using engine type "client" requires either "adapter" or "accelerateUrl" to be provided to PrismaClient constructor.
2026-04-05T16:30:07: Read more at https://pris.ly/d/client-constructor
2026-04-05T16:30:07:     at validateDependentOptions (/Users/pratulmakar/Developer/hotel-new/services/notification/node_modules/.pnpm/@prisma+client@7.4.2_prisma@7.4.2_@types+react@19.2.14_react-dom@19.2.4_react@19.2.4__r_49b4b128965f74ea9bbd7586bc0c7d7a/node_modules/@prisma/client/src/runtime/utils/validatePrismaClientOptions.ts:229:11)
2026-04-05T16:30:07:     at validatePrismaClientOptions (/Users/pratulmakar/Developer/hotel-new/services/notification/node_modules/.pnpm/@prisma+client@7.4.2_prisma@7.4.2_@types+react@19.2.14_react-dom@19.2.4_react@19.2.4__r_49b4b128965f74ea9bbd7586bc0c7d7a/node_modules/@prisma/client/src/runtime/utils/validatePrismaClientOptions.ts:246:3)
2026-04-05T16:30:07:     at new t (/Users/pratulmakar/Developer/hotel-new/services/notification/node_modules/.pnpm/@prisma+client@7.4.2_prisma@7.4.2_@types+react@19.2.14_react-dom@19.2.4_react@19.2.4__r_49b4b128965f74ea9bbd7586bc0c7d7a/node_modules/@prisma/client/src/runtime/getPrismaClient.ts:282:7)
2026-04-05T16:30:07:     at <anonymous> (/Users/pratulmakar/Developer/hotel-new/services/notification/src/config/database.ts:9:3)
2026-04-05T16:30:07:     at Object.<anonymous> (/Users/pratulmakar/Developer/hotel-new/services/notification/src/config/database.ts:17:16)
2026-04-05T16:30:07:     at Module._compile (node:internal/modules/cjs/loader:1829:14)
2026-04-05T16:30:07:     at Object.transformer (/Users/pratulmakar/Developer/hotel-new/services/notification/node_modules/.pnpm/tsx@4.21.0/node_modules/tsx/dist/register-D46fvsV_.cjs:3:1104)
2026-04-05T16:30:07:     at Module.load (node:internal/modules/cjs/loader:1552:32)
2026-04-05T16:30:07:     at Module._load (node:internal/modules/cjs/loader:1354:12)
2026-04-05T16:30:07:     at wrapModuleLoad (node:internal/modules/cjs/loader:255:19)
2026-04-05T16:30:07: 
2026-04-05T16:30:07: Node.js v25.8.1
2026-04-05T16:33:41:  ELIFECYCLE  Command failed with exit code 2.
2026-04-05T16:33:52: 
2026-04-05T16:33:52: > airbnb-notification-service@1.0.0 dev /Users/pratulmakar/Developer/hotel-new/services/notification
2026-04-05T16:33:52: > tsx watch src/index.ts
2026-04-05T16:33:52: 
2026-04-05T16:33:52: /Users/pratulmakar/Developer/hotel-new/services/notification/node_modules/.pnpm/@prisma+client@7.4.2_prisma@7.4.2_@types+react@19.2.14_react-dom@19.2.4_react@19.2.4__r_49b4b128965f74ea9bbd7586bc0c7d7a/node_modules/@prisma/client/src/runtime/utils/validatePrismaClientOptions.ts:229
2026-04-05T16:33:52:     throw new PrismaClientConstructorValidationError(
2026-04-05T16:33:52:           ^
2026-04-05T16:33:52: 
2026-04-05T16:33:52: PrismaClientConstructorValidationError: Using engine type "client" requires either "adapter" or "accelerateUrl" to be provided to PrismaClient constructor.
2026-04-05T16:33:52: Read more at https://pris.ly/d/client-constructor
2026-04-05T16:33:52:     at validateDependentOptions (/Users/pratulmakar/Developer/hotel-new/services/notification/node_modules/.pnpm/@prisma+client@7.4.2_prisma@7.4.2_@types+react@19.2.14_react-dom@19.2.4_react@19.2.4__r_49b4b128965f74ea9bbd7586bc0c7d7a/node_modules/@prisma/client/src/runtime/utils/validatePrismaClientOptions.ts:229:11)
2026-04-05T16:33:52:     at validatePrismaClientOptions (/Users/pratulmakar/Developer/hotel-new/services/notification/node_modules/.pnpm/@prisma+client@7.4.2_prisma@7.4.2_@types+react@19.2.14_react-dom@19.2.4_react@19.2.4__r_49b4b128965f74ea9bbd7586bc0c7d7a/node_modules/@prisma/client/src/runtime/utils/validatePrismaClientOptions.ts:246:3)
2026-04-05T16:33:52:     at new t (/Users/pratulmakar/Developer/hotel-new/services/notification/node_modules/.pnpm/@prisma+client@7.4.2_prisma@7.4.2_@types+react@19.2.14_react-dom@19.2.4_react@19.2.4__r_49b4b128965f74ea9bbd7586bc0c7d7a/node_modules/@prisma/client/src/runtime/getPrismaClient.ts:282:7)
2026-04-05T16:33:52:     at <anonymous> (/Users/pratulmakar/Developer/hotel-new/services/notification/src/config/database.ts:9:3)
2026-04-05T16:33:52:     at Object.<anonymous> (/Users/pratulmakar/Developer/hotel-new/services/notification/src/config/database.ts:17:16)
2026-04-05T16:33:52:     at Module._compile (node:internal/modules/cjs/loader:1829:14)
2026-04-05T16:33:52:     at Object.transformer (/Users/pratulmakar/Developer/hotel-new/services/notification/node_modules/.pnpm/tsx@4.21.0/node_modules/tsx/dist/register-D46fvsV_.cjs:3:1104)
2026-04-05T16:33:52:     at Module.load (node:internal/modules/cjs/loader:1552:32)
2026-04-05T16:33:52:     at Module._load (node:internal/modules/cjs/loader:1354:12)
2026-04-05T16:33:52:     at wrapModuleLoad (node:internal/modules/cjs/loader:255:19)
2026-04-05T16:33:52: 
2026-04-05T16:33:52: Node.js v25.8.1
2026-04-05T16:44:26:  ELIFECYCLE  Command failed with exit code 2.
2026-04-05T16:44:27: 
2026-04-05T16:44:27: > airbnb-notification-service@1.0.0 dev /Users/pratulmakar/Developer/hotel-new/services/notification
2026-04-05T16:44:27: > tsx watch src/index.ts
2026-04-05T16:44:27: 
2026-04-05T16:44:27: /Users/pratulmakar/Developer/hotel-new/services/notification/node_modules/.pnpm/@prisma+client@7.4.2_prisma@7.4.2_@types+react@19.2.14_react-dom@19.2.4_react@19.2.4__r_49b4b128965f74ea9bbd7586bc0c7d7a/node_modules/@prisma/client/src/runtime/utils/validatePrismaClientOptions.ts:229
2026-04-05T16:44:27:     throw new PrismaClientConstructorValidationError(
2026-04-05T16:44:27:           ^
2026-04-05T16:44:27: 
2026-04-05T16:44:27: PrismaClientConstructorValidationError: Using engine type "client" requires either "adapter" or "accelerateUrl" to be provided to PrismaClient constructor.
2026-04-05T16:44:27: Read more at https://pris.ly/d/client-constructor
2026-04-05T16:44:27:     at validateDependentOptions (/Users/pratulmakar/Developer/hotel-new/services/notification/node_modules/.pnpm/@prisma+client@7.4.2_prisma@7.4.2_@types+react@19.2.14_react-dom@19.2.4_react@19.2.4__r_49b4b128965f74ea9bbd7586bc0c7d7a/node_modules/@prisma/client/src/runtime/utils/validatePrismaClientOptions.ts:229:11)
2026-04-05T16:44:27:     at validatePrismaClientOptions (/Users/pratulmakar/Developer/hotel-new/services/notification/node_modules/.pnpm/@prisma+client@7.4.2_prisma@7.4.2_@types+react@19.2.14_react-dom@19.2.4_react@19.2.4__r_49b4b128965f74ea9bbd7586bc0c7d7a/node_modules/@prisma/client/src/runtime/utils/validatePrismaClientOptions.ts:246:3)
2026-04-05T16:44:27:     at new t (/Users/pratulmakar/Developer/hotel-new/services/notification/node_modules/.pnpm/@prisma+client@7.4.2_prisma@7.4.2_@types+react@19.2.14_react-dom@19.2.4_react@19.2.4__r_49b4b128965f74ea9bbd7586bc0c7d7a/node_modules/@prisma/client/src/runtime/getPrismaClient.ts:282:7)
2026-04-05T16:44:27:     at <anonymous> (/Users/pratulmakar/Developer/hotel-new/services/notification/src/config/database.ts:9:3)
2026-04-05T16:44:27:     at Object.<anonymous> (/Users/pratulmakar/Developer/hotel-new/services/notification/src/config/database.ts:17:16)
2026-04-05T16:44:27:     at Module._compile (node:internal/modules/cjs/loader:1829:14)
2026-04-05T16:44:27:     at Object.transformer (/Users/pratulmakar/Developer/hotel-new/services/notification/node_modules/.pnpm/tsx@4.21.0/node_modules/tsx/dist/register-D46fvsV_.cjs:3:1104)
2026-04-05T16:44:27:     at Module.load (node:internal/modules/cjs/loader:1552:32)
2026-04-05T16:44:27:     at Module._load (node:internal/modules/cjs/loader:1354:12)
2026-04-05T16:44:27:     at wrapModuleLoad (node:internal/modules/cjs/loader:255:19)
2026-04-05T16:44:27: 
2026-04-05T16:44:27: Node.js v25.8.1
2026-04-05T16:48:07:  ELIFECYCLE  Command failed with exit code 2.
2026-04-05T16:48:07: 
2026-04-05T16:48:07: > airbnb-notification-service@1.0.0 dev /Users/pratulmakar/Developer/hotel-new/services/notification
2026-04-05T16:48:07: > tsx watch src/index.ts
2026-04-05T16:48:07: 
2026-04-05T16:48:09: 🚀 Starting Notification Service...
2026-04-05T16:48:09: 📚 Connecting to PostgreSQL...
2026-04-05T16:48:09: ✅ PostgreSQL connected
2026-04-05T16:48:09: 📧 Verifying Gmail SMTP...
2026-04-05T16:48:11: ❌ Gmail SMTP verification failed: Error: Invalid login: 535-5.7.8 Username and Password not accepted. For more information, go to
2026-04-05T16:48:11: 535 5.7.8  https://support.google.com/mail/?p=BadCredentials 41be03b00d2f7-c76c6475b56sm9790127a12.1 - gsmtp
2026-04-05T16:48:11:     at SMTPConnection._formatError (/Users/pratulmakar/Developer/hotel-new/services/notification/node_modules/.pnpm/nodemailer@6.10.1/node_modules/nodemailer/lib/smtp-connection/index.js:809:19)
2026-04-05T16:48:11:     at SMTPConnection._actionAUTHComplete (/Users/pratulmakar/Developer/hotel-new/services/notification/node_modules/.pnpm/nodemailer@6.10.1/node_modules/nodemailer/lib/smtp-connection/index.js:1588:34)
2026-04-05T16:48:11:     at SMTPConnection.<anonymous> (/Users/pratulmakar/Developer/hotel-new/services/notification/node_modules/.pnpm/nodemailer@6.10.1/node_modules/nodemailer/lib/smtp-connection/index.js:556:26)
2026-04-05T16:48:11:     at SMTPConnection._processResponse (/Users/pratulmakar/Developer/hotel-new/services/notification/node_modules/.pnpm/nodemailer@6.10.1/node_modules/nodemailer/lib/smtp-connection/index.js:993:20)
2026-04-05T16:48:11:     at SMTPConnection._onData (/Users/pratulmakar/Developer/hotel-new/services/notification/node_modules/.pnpm/nodemailer@6.10.1/node_modules/nodemailer/lib/smtp-connection/index.js:774:14)
2026-04-05T16:48:11:     at SMTPConnection._onSocketData (/Users/pratulmakar/Developer/hotel-new/services/notification/node_modules/.pnpm/nodemailer@6.10.1/node_modules/nodemailer/lib/smtp-connection/index.js:195:44)
2026-04-05T16:48:11:     at TLSSocket.emit (node:events:508:20)
2026-04-05T16:48:11:     at addChunk (node:internal/streams/readable:564:12)
2026-04-05T16:48:11:     at readableAddChunkPushByteMode (node:internal/streams/readable:515:3)
2026-04-05T16:48:11:     at Readable.push (node:internal/streams/readable:395:5) {
2026-04-05T16:48:11:   code: 'EAUTH',
2026-04-05T16:48:11:   response: '535-5.7.8 Username and Password not accepted. For more information, go to\n' +
2026-04-05T16:48:11:     '535 5.7.8  https://support.google.com/mail/?p=BadCredentials 41be03b00d2f7-c76c6475b56sm9790127a12.1 - gsmtp',
2026-04-05T16:48:11:   responseCode: 535,
2026-04-05T16:48:11:   command: 'AUTH PLAIN'
2026-04-05T16:48:11: }
2026-04-05T16:48:11:    Check GMAIL_USER and GMAIL_APP_PASSWORD in your .env file
2026-04-05T16:52:05:  ELIFECYCLE  Command failed with exit code 2.
2026-04-05T16:52:25: 
2026-04-05T16:52:25: > airbnb-notification-service@1.0.0 dev /Users/pratulmakar/Developer/hotel-new/services/notification
2026-04-05T16:52:25: > tsx watch src/index.ts
2026-04-05T16:52:25: 
2026-04-05T16:52:26: 🚀 Starting Notification Service...
2026-04-05T16:52:26: 📚 Connecting to PostgreSQL...
2026-04-05T16:52:26: ✅ PostgreSQL connected
2026-04-05T16:52:26: 📧 Verifying Gmail SMTP...
2026-04-05T16:52:28: ❌ Gmail SMTP verification failed: Error: Invalid login: 535-5.7.8 Username and Password not accepted. For more information, go to
2026-04-05T16:52:28: 535 5.7.8  https://support.google.com/mail/?p=BadCredentials d2e1a72fcca58-82cfebe5b23sm10707852b3a.59 - gsmtp
2026-04-05T16:52:28:     at SMTPConnection._formatError (/Users/pratulmakar/Developer/hotel-new/services/notification/node_modules/.pnpm/nodemailer@6.10.1/node_modules/nodemailer/lib/smtp-connection/index.js:809:19)
2026-04-05T16:52:28:     at SMTPConnection._actionAUTHComplete (/Users/pratulmakar/Developer/hotel-new/services/notification/node_modules/.pnpm/nodemailer@6.10.1/node_modules/nodemailer/lib/smtp-connection/index.js:1588:34)
2026-04-05T16:52:28:     at SMTPConnection.<anonymous> (/Users/pratulmakar/Developer/hotel-new/services/notification/node_modules/.pnpm/nodemailer@6.10.1/node_modules/nodemailer/lib/smtp-connection/index.js:556:26)
2026-04-05T16:52:28:     at SMTPConnection._processResponse (/Users/pratulmakar/Developer/hotel-new/services/notification/node_modules/.pnpm/nodemailer@6.10.1/node_modules/nodemailer/lib/smtp-connection/index.js:993:20)
2026-04-05T16:52:28:     at SMTPConnection._onData (/Users/pratulmakar/Developer/hotel-new/services/notification/node_modules/.pnpm/nodemailer@6.10.1/node_modules/nodemailer/lib/smtp-connection/index.js:774:14)
2026-04-05T16:52:28:     at SMTPConnection._onSocketData (/Users/pratulmakar/Developer/hotel-new/services/notification/node_modules/.pnpm/nodemailer@6.10.1/node_modules/nodemailer/lib/smtp-connection/index.js:195:44)
2026-04-05T16:52:28:     at TLSSocket.emit (node:events:508:20)
2026-04-05T16:52:28:     at addChunk (node:internal/streams/readable:564:12)
2026-04-05T16:52:28:     at readableAddChunkPushByteMode (node:internal/streams/readable:515:3)
2026-04-05T16:52:28:     at Readable.push (node:internal/streams/readable:395:5) {
2026-04-05T16:52:28:   code: 'EAUTH',
2026-04-05T16:52:28:   response: '535-5.7.8 Username and Password not accepted. For more information, go to\n' +
2026-04-05T16:52:28:     '535 5.7.8  https://support.google.com/mail/?p=BadCredentials d2e1a72fcca58-82cfebe5b23sm10707852b3a.59 - gsmtp',
2026-04-05T16:52:28:   responseCode: 535,
2026-04-05T16:52:28:   command: 'AUTH PLAIN'
2026-04-05T16:52:28: }
2026-04-05T16:52:28:    Check GMAIL_USER and GMAIL_APP_PASSWORD in your .env file
2026-04-05T17:09:09:  ELIFECYCLE  Command failed with exit code 2.
2026-04-05T17:09:16: 
2026-04-05T17:09:16: > airbnb-notification-service@1.0.0 dev /Users/pratulmakar/Developer/hotel-new/services/notification
2026-04-05T17:09:16: > tsx watch src/index.ts
2026-04-05T17:09:16: 
2026-04-05T17:09:17: 🚀 Starting Notification Service...
2026-04-05T17:09:17: 📚 Connecting to PostgreSQL...
2026-04-05T17:09:17: ✅ PostgreSQL connected
2026-04-05T17:09:17: 📧 Verifying Gmail SMTP...
2026-04-05T17:09:19: ❌ Gmail SMTP verification failed: Error: Invalid login: 535-5.7.8 Username and Password not accepted. For more information, go to
2026-04-05T17:09:19: 535 5.7.8  https://support.google.com/mail/?p=BadCredentials d9443c01a7336-2b27472d646sm107838735ad.5 - gsmtp
2026-04-05T17:09:19:     at SMTPConnection._formatError (/Users/pratulmakar/Developer/hotel-new/services/notification/node_modules/.pnpm/nodemailer@6.10.1/node_modules/nodemailer/lib/smtp-connection/index.js:809:19)
2026-04-05T17:09:19:     at SMTPConnection._actionAUTHComplete (/Users/pratulmakar/Developer/hotel-new/services/notification/node_modules/.pnpm/nodemailer@6.10.1/node_modules/nodemailer/lib/smtp-connection/index.js:1588:34)
2026-04-05T17:09:19:     at SMTPConnection.<anonymous> (/Users/pratulmakar/Developer/hotel-new/services/notification/node_modules/.pnpm/nodemailer@6.10.1/node_modules/nodemailer/lib/smtp-connection/index.js:556:26)
2026-04-05T17:09:19:     at SMTPConnection._processResponse (/Users/pratulmakar/Developer/hotel-new/services/notification/node_modules/.pnpm/nodemailer@6.10.1/node_modules/nodemailer/lib/smtp-connection/index.js:993:20)
2026-04-05T17:09:19:     at SMTPConnection._onData (/Users/pratulmakar/Developer/hotel-new/services/notification/node_modules/.pnpm/nodemailer@6.10.1/node_modules/nodemailer/lib/smtp-connection/index.js:774:14)
2026-04-05T17:09:19:     at SMTPConnection._onSocketData (/Users/pratulmakar/Developer/hotel-new/services/notification/node_modules/.pnpm/nodemailer@6.10.1/node_modules/nodemailer/lib/smtp-connection/index.js:195:44)
2026-04-05T17:09:19:     at TLSSocket.emit (node:events:508:20)
2026-04-05T17:09:19:     at addChunk (node:internal/streams/readable:564:12)
2026-04-05T17:09:19:     at readableAddChunkPushByteMode (node:internal/streams/readable:515:3)
2026-04-05T17:09:19:     at Readable.push (node:internal/streams/readable:395:5) {
2026-04-05T17:09:19:   code: 'EAUTH',
2026-04-05T17:09:19:   response: '535-5.7.8 Username and Password not accepted. For more information, go to\n' +
2026-04-05T17:09:19:     '535 5.7.8  https://support.google.com/mail/?p=BadCredentials d9443c01a7336-2b27472d646sm107838735ad.5 - gsmtp',
2026-04-05T17:09:19:   responseCode: 535,
2026-04-05T17:09:19:   command: 'AUTH PLAIN'
2026-04-05T17:09:19: }
2026-04-05T17:09:19:    Check GMAIL_USER and GMAIL_APP_PASSWORD in your .env file
2026-04-05T19:57:21:  ELIFECYCLE  Command failed with exit code 2.
2026-04-05T19:57:28: 
2026-04-05T19:57:28: > airbnb-notification-service@1.0.0 dev /Users/pratulmakar/Developer/hotel-new/services/notification
2026-04-05T19:57:28: > tsx watch src/index.ts
2026-04-05T19:57:28: 
2026-04-05T19:57:29: 🚀 Starting Notification Service...
2026-04-05T19:57:29: 📚 Connecting to PostgreSQL...
2026-04-05T19:57:29: ✅ PostgreSQL connected
2026-04-05T19:57:29: 📧 Verifying Gmail SMTP...
2026-04-05T19:57:31: ❌ Gmail SMTP verification failed: Error: Invalid login: 535-5.7.8 Username and Password not accepted. For more information, go to
2026-04-05T19:57:31: 535 5.7.8  https://support.google.com/mail/?p=BadCredentials 98e67ed59e1d1-35dd36a1d04sm14202028a91.17 - gsmtp
2026-04-05T19:57:31:     at SMTPConnection._formatError (/Users/pratulmakar/Developer/hotel-new/services/notification/node_modules/.pnpm/nodemailer@6.10.1/node_modules/nodemailer/lib/smtp-connection/index.js:809:19)
2026-04-05T19:57:31:     at SMTPConnection._actionAUTHComplete (/Users/pratulmakar/Developer/hotel-new/services/notification/node_modules/.pnpm/nodemailer@6.10.1/node_modules/nodemailer/lib/smtp-connection/index.js:1588:34)
2026-04-05T19:57:31:     at SMTPConnection.<anonymous> (/Users/pratulmakar/Developer/hotel-new/services/notification/node_modules/.pnpm/nodemailer@6.10.1/node_modules/nodemailer/lib/smtp-connection/index.js:556:26)
2026-04-05T19:57:31:     at SMTPConnection._processResponse (/Users/pratulmakar/Developer/hotel-new/services/notification/node_modules/.pnpm/nodemailer@6.10.1/node_modules/nodemailer/lib/smtp-connection/index.js:993:20)
2026-04-05T19:57:31:     at SMTPConnection._onData (/Users/pratulmakar/Developer/hotel-new/services/notification/node_modules/.pnpm/nodemailer@6.10.1/node_modules/nodemailer/lib/smtp-connection/index.js:774:14)
2026-04-05T19:57:31:     at SMTPConnection._onSocketData (/Users/pratulmakar/Developer/hotel-new/services/notification/node_modules/.pnpm/nodemailer@6.10.1/node_modules/nodemailer/lib/smtp-connection/index.js:195:44)
2026-04-05T19:57:31:     at TLSSocket.emit (node:events:508:20)
2026-04-05T19:57:31:     at addChunk (node:internal/streams/readable:564:12)
2026-04-05T19:57:31:     at readableAddChunkPushByteMode (node:internal/streams/readable:515:3)
2026-04-05T19:57:31:     at Readable.push (node:internal/streams/readable:395:5) {
2026-04-05T19:57:31:   code: 'EAUTH',
2026-04-05T19:57:31:   response: '535-5.7.8 Username and Password not accepted. For more information, go to\n' +
2026-04-05T19:57:31:     '535 5.7.8  https://support.google.com/mail/?p=BadCredentials 98e67ed59e1d1-35dd36a1d04sm14202028a91.17 - gsmtp',
2026-04-05T19:57:31:   responseCode: 535,
2026-04-05T19:57:31:   command: 'AUTH PLAIN'
2026-04-05T19:57:31: }
2026-04-05T19:57:31:    Check GMAIL_USER and GMAIL_APP_PASSWORD in your .env file
2026-04-05T23:15:14:  ELIFECYCLE  Command failed with exit code 2.
2026-04-05T23:15:19: 
2026-04-05T23:15:19: > airbnb-notification-service@1.0.0 dev /Users/pratulmakar/Developer/hotel-new/services/notification
2026-04-05T23:15:19: > tsx watch src/index.ts
2026-04-05T23:15:19: 
2026-04-05T23:15:20: 🚀 Starting Notification Service...
2026-04-05T23:15:20: 📚 Connecting to PostgreSQL...
2026-04-05T23:15:20: ✅ PostgreSQL connected
2026-04-05T23:15:20: 📧 Verifying Gmail SMTP...
2026-04-05T23:15:22: ❌ Gmail SMTP verification failed: Error: Invalid login: 535-5.7.8 Username and Password not accepted. For more information, go to
2026-04-05T23:15:22: 535 5.7.8  https://support.google.com/mail/?p=BadCredentials 98e67ed59e1d1-35dd35f7229sm12217812a91.7 - gsmtp
2026-04-05T23:15:22:     at SMTPConnection._formatError (/Users/pratulmakar/Developer/hotel-new/services/notification/node_modules/.pnpm/nodemailer@6.10.1/node_modules/nodemailer/lib/smtp-connection/index.js:809:19)
2026-04-05T23:15:22:     at SMTPConnection._actionAUTHComplete (/Users/pratulmakar/Developer/hotel-new/services/notification/node_modules/.pnpm/nodemailer@6.10.1/node_modules/nodemailer/lib/smtp-connection/index.js:1588:34)
2026-04-05T23:15:22:     at SMTPConnection.<anonymous> (/Users/pratulmakar/Developer/hotel-new/services/notification/node_modules/.pnpm/nodemailer@6.10.1/node_modules/nodemailer/lib/smtp-connection/index.js:556:26)
2026-04-05T23:15:22:     at SMTPConnection._processResponse (/Users/pratulmakar/Developer/hotel-new/services/notification/node_modules/.pnpm/nodemailer@6.10.1/node_modules/nodemailer/lib/smtp-connection/index.js:993:20)
2026-04-05T23:15:22:     at SMTPConnection._onData (/Users/pratulmakar/Developer/hotel-new/services/notification/node_modules/.pnpm/nodemailer@6.10.1/node_modules/nodemailer/lib/smtp-connection/index.js:774:14)
2026-04-05T23:15:22:     at SMTPConnection._onSocketData (/Users/pratulmakar/Developer/hotel-new/services/notification/node_modules/.pnpm/nodemailer@6.10.1/node_modules/nodemailer/lib/smtp-connection/index.js:195:44)
2026-04-05T23:15:22:     at TLSSocket.emit (node:events:508:20)
2026-04-05T23:15:22:     at addChunk (node:internal/streams/readable:564:12)
2026-04-05T23:15:22:     at readableAddChunkPushByteMode (node:internal/streams/readable:515:3)
2026-04-05T23:15:22:     at Readable.push (node:internal/streams/readable:395:5) {
2026-04-05T23:15:22:   code: 'EAUTH',
2026-04-05T23:15:22:   response: '535-5.7.8 Username and Password not accepted. For more information, go to\n' +
2026-04-05T23:15:22:     '535 5.7.8  https://support.google.com/mail/?p=BadCredentials 98e67ed59e1d1-35dd35f7229sm12217812a91.7 - gsmtp',
2026-04-05T23:15:22:   responseCode: 535,
2026-04-05T23:15:22:   command: 'AUTH PLAIN'
2026-04-05T23:15:22: }
2026-04-05T23:15:22:    Check GMAIL_USER and GMAIL_APP_PASSWORD in your .env file
2026-04-06T00:38:26:  ELIFECYCLE  Command failed with exit code 2.
